<?xml version="1.0" encoding="utf-8"?>
<testsuites>
   <testsuite errors="0" failures="1" name="" skipped="0" tests="5" time="75.7612">
      <testcase classname="NoiseCancellation &gt; NormalizedLMS" name="snr" time="53.2064"/>
      <testcase classname="NoiseCancellation &gt; NormalizedLMS" name="adapt(ScriptedIteration=adapt_off)" time="9.3967"/>
      <testcase classname="NoiseCancellation &gt; NormalizedLMS" name="adapt(ScriptedIteration=adapt_slow)" time="3.2098"/>
      <testcase classname="NoiseCancellation &gt; NormalizedLMS" name="adapt(ScriptedIteration=adapt_fast)" time="3.5698">
         <failure type="VerificationFailure">================================================================================
Verification failed in NoiseCancellation &gt; NormalizedLMS/adapt(ScriptedIteration=adapt_fast).

    ---------------------
    Framework Diagnostic:
    ---------------------
    Failed criteria: Custom
    --&gt; Custom Criteria Logs:
            --------------------------------------------------------------------
            VerificationFailed in custom criteria of sltest.testmanager.TestCase.
            
                ----------------
                Test Diagnostic:
                ----------------
                signal-to-ratio must be lower than -15dB with step size 0.04
            
                ---------------------
                Framework Diagnostic:
                ---------------------
                verifyLessThanOrEqual failed.
                --&gt; The value must be less than or equal to the maximum value.
                
                Actual Value:
                  single
                
                 -14.9789000
                Maximum Value (Inclusive):
                  single
                
                   -15
            
            --------------------------------------------------------------------
    --&gt; Simulink Test Manager Results:
            Results: 2017-May-30 16:25:07/adapt/adapt_fast
================================================================================
</failure>
      </testcase>
      <testcase classname="correlationTest" name="testCorrelationWithDesiredSignal" time="6.3786"/>
   </testsuite>
</testsuites>